#
# There is insufficient memory for the Java Runtime Environment to continue.
# Native memory allocation (malloc) failed to allocate 1048576 bytes for AllocateHeap
# Possible reasons:
#   The system is out of physical RAM or swap space
#   In 32 bit mode, the process size limit was hit
# Possible solutions:
#   Reduce memory load on the system
#   Increase physical memory or swap space
#   Check if swap backing store is full
#   Use 64 bit Java on a 64 bit OS
#   Decrease Java heap size (-Xmx/-Xms)
#   Decrease number of Java threads
#   Decrease Java thread stack sizes (-Xss)
#   Set larger code cache with -XX:ReservedCodeCacheSize=
# This output file may be truncated or incomplete.
#
#  Out of Memory Error (memory/allocation.inline.hpp:61), pid=12944, tid=0x0000000000000eac
#
# JRE version:  (8.0_191-b12) (build )
# Java VM: Java HotSpot(TM) 64-Bit Server VM (25.191-b12 mixed mode windows-amd64 compressed oops)
# Failed to write core dump. Minidumps are not enabled by default on client versions of Windows
#

---------------  T H R E A D  ---------------

Current thread (0x00000000035a7000):  JavaThread "Unknown thread" [_thread_in_vm, id=3756, stack(0x00000000034a0000,0x00000000035a0000)]

Stack: [0x00000000034a0000,0x00000000035a0000]
[error occurred during error reporting (printing stack bounds), id 0xc0000005]

Native frames: (J=compiled Java code, j=interpreted, Vv=VM code, C=native code)


---------------  P R O C E S S  ---------------

Java Threads: ( => current thread )

Other Threads:

=>0x00000000035a7000 (exited) JavaThread "Unknown thread" [_thread_in_vm, id=3756, stack(0x00000000034a0000,0x00000000035a0000)]

VM state:not at safepoint (normal execution)

VM Mutex/Monitor currently owned by a thread: None

Heap:
 PSYoungGen      total 76288K, used 1310K [0x000000076b100000, 0x0000000770600000, 0x00000007c0000000)
  eden space 65536K, 2% used [0x000000076b100000,0x000000076b247af0,0x000000076f100000)
  from space 10752K, 0% used [0x000000076fb80000,0x000000076fb80000,0x0000000770600000)
  to   space 10752K, 0% used [0x000000076f100000,0x000000076f100000,0x000000076fb80000)
 ParOldGen       total 175104K, used 0K [0x00000006c1200000, 0x00000006cbd00000, 0x000000076b100000)
  object space 175104K, 0% used [0x00000006c1200000,0x00000006c1200000,0x00000006cbd00000)
 Metaspace       used 775K, capacity 4480K, committed 4480K, reserved 1056768K
  class space    used 76K, capacity 384K, committed 384K, reserved 1048576K

Card table byte_map: [0x0000000012b60000,0x0000000013360000] byte_map_base: 0x000000000f557000

Marking Bits: (ParMarkBitMap*) 0x0000000075d93e30
 Begin Bits: [0x0000000013cb0000, 0x0000000017c68000)
 End Bits:   [0x0000000017c68000, 0x000000001bc20000)

Polling page: 0x0000000002e20000

CodeCache: size=245760Kb used=328Kb max_used=328Kb free=245431Kb
 bounds [0x00000000037a0000, 0x0000000003a10000, 0x00000000127a0000]
 total_blobs=58 nmethods=0 adapters=38
 compilation: enabled

Compilation events (0 events):
No events

GC Heap History (0 events):
No events

Deoptimization events (0 events):
No events

Classes redefined (0 events):
No events

Internal exceptions (0 events):
No events

Events (10 events):
Event: 0.026 loading class java/lang/Short
Event: 0.026 loading class java/lang/Short done
Event: 0.026 loading class java/lang/Integer
Event: 0.026 loading class java/lang/Integer done
Event: 0.026 loading class java/lang/Long
Event: 0.026 loading class java/lang/Long done
Event: 0.026 loading class java/lang/NullPointerException
Event: 0.026 loading class java/lang/NullPointerException done
Event: 0.026 loading class java/lang/ArithmeticException
Event: 0.026 loading class java/lang/ArithmeticException done


Dynamic libraries:
0x00007ff735800000 - 0x00007ff735837000 	D:\Program Files\Java\jdk1.8.0_191\bin\java.exe
0x00007ff895290000 - 0x00007ff895471000 	C:\Windows\SYSTEM32\ntdll.dll
0x00007ff893c40000 - 0x00007ff893cf1000 	C:\Windows\System32\KERNEL32.DLL
0x00007ff8918e0000 - 0x00007ff891b53000 	C:\Windows\System32\KERNELBASE.dll
0x00007ff892a30000 - 0x00007ff892ad1000 	C:\Windows\System32\ADVAPI32.dll
0x00007ff8925f0000 - 0x00007ff89268e000 	C:\Windows\System32\msvcrt.dll
0x00007ff8938f0000 - 0x00007ff89394b000 	C:\Windows\System32\sechost.dll
0x00007ff8937b0000 - 0x00007ff8938d4000 	C:\Windows\System32\RPCRT4.dll
0x00007ff892fa0000 - 0x00007ff893130000 	C:\Windows\System32\USER32.dll
0x00007ff891580000 - 0x00007ff8915a0000 	C:\Windows\System32\win32u.dll
0x00007ff892970000 - 0x00007ff892998000 	C:\Windows\System32\GDI32.dll
0x00007ff891b60000 - 0x00007ff891cf1000 	C:\Windows\System32\gdi32full.dll
0x00007ff891600000 - 0x00007ff89169f000 	C:\Windows\System32\msvcp_win.dll
0x00007ff8917e0000 - 0x00007ff8918d8000 	C:\Windows\System32\ucrtbase.dll
0x00007ff888110000 - 0x00007ff888379000 	C:\Windows\WinSxS\amd64_microsoft.windows.common-controls_6595b64144ccf1df_6.0.17134.829_none_fb46a5473061b9d5\COMCTL32.dll
0x00007ff8932d0000 - 0x00007ff8935f2000 	C:\Windows\System32\combase.dll
0x00007ff891760000 - 0x00007ff8917da000 	C:\Windows\System32\bcryptPrimitives.dll
0x00007ff893780000 - 0x00007ff8937ad000 	C:\Windows\System32\IMM32.DLL
0x0000000075e20000 - 0x0000000075ef2000 	D:\Program Files\Java\jdk1.8.0_191\jre\bin\msvcr100.dll
0x0000000075570000 - 0x0000000075e14000 	D:\Program Files\Java\jdk1.8.0_191\jre\bin\server\jvm.dll
0x00007ff891550000 - 0x00007ff891573000 	C:\Windows\System32\WINMM.dll
0x00007ff891300000 - 0x00007ff89132a000 	C:\Windows\System32\WINMMBASE.dll
0x00007ff891db0000 - 0x00007ff891df9000 	C:\Windows\System32\cfgmgr32.dll
0x00007ff8938e0000 - 0x00007ff8938e8000 	C:\Windows\System32\PSAPI.DLL
0x00007ff883380000 - 0x00007ff883389000 	C:\Windows\SYSTEM32\WSOCK32.dll
0x00007ff892900000 - 0x00007ff89296c000 	C:\Windows\System32\WS2_32.dll
0x00007ff88c9a0000 - 0x00007ff88c9aa000 	C:\Windows\SYSTEM32\VERSION.dll
0x0000000075560000 - 0x000000007556f000 	D:\Program Files\Java\jdk1.8.0_191\jre\bin\verify.dll
0x0000000075530000 - 0x0000000075559000 	D:\Program Files\Java\jdk1.8.0_191\jre\bin\java.dll
0x0000000074ff0000 - 0x0000000075013000 	D:\Program Files\Java\jdk1.8.0_191\jre\bin\instrument.dll
0x0000000075140000 - 0x0000000075156000 	D:\Program Files\Java\jdk1.8.0_191\jre\bin\zip.dll

VM Arguments:
jvm_args: -ea -Didea.test.cyclic.buffer.size=1048576 -javaagent:D:\Idea\IntelliJ IDEA 2018.3.2\lib\idea_rt.jar=11082:D:\Idea\IntelliJ IDEA 2018.3.2\bin -Dfile.encoding=UTF-8 
java_command: com.intellij.rt.execution.junit.JUnitStarter -ideVersion5 -junit4 zxc.pd.pd.PdApplicationTests,contextLoads
java_class_path (initial): D:\Idea\IntelliJ IDEA 2018.3.2\lib\idea_rt.jar;D:\Idea\IntelliJ IDEA 2018.3.2\plugins\junit\lib\junit-rt.jar;D:\Idea\IntelliJ IDEA 2018.3.2\plugins\junit\lib\junit5-rt.jar;D:\Program Files\Java\jdk1.8.0_191\jre\lib\charsets.jar;D:\Program Files\Java\jdk1.8.0_191\jre\lib\deploy.jar;D:\Program Files\Java\jdk1.8.0_191\jre\lib\ext\access-bridge-64.jar;D:\Program Files\Java\jdk1.8.0_191\jre\lib\ext\cldrdata.jar;D:\Program Files\Java\jdk1.8.0_191\jre\lib\ext\dnsns.jar;D:\Program Files\Java\jdk1.8.0_191\jre\lib\ext\jaccess.jar;D:\Program Files\Java\jdk1.8.0_191\jre\lib\ext\jfxrt.jar;D:\Program Files\Java\jdk1.8.0_191\jre\lib\ext\localedata.jar;D:\Program Files\Java\jdk1.8.0_191\jre\lib\ext\nashorn.jar;D:\Program Files\Java\jdk1.8.0_191\jre\lib\ext\sunec.jar;D:\Program Files\Java\jdk1.8.0_191\jre\lib\ext\sunjce_provider.jar;D:\Program Files\Java\jdk1.8.0_191\jre\lib\ext\sunmscapi.jar;D:\Program Files\Java\jdk1.8.0_191\jre\lib\ext\sunpkcs11.jar;D:\Program Files\Java\jdk1.8.0_191\jre\lib\ext\zipfs.jar;D:\Program Files\Java\jdk1.8.0_191\jre\lib\javaws.jar;D:\Program Files\Java\jdk1.8.0_191\jre\lib\jce.jar;D:\Program Files\Java\jdk1.8.0_191\jre\lib\jfr.jar;D:\Program Files\Java\jdk1.8.0_191\jre\lib\jfxswt.jar;D:\Program Files\Java\jdk1.8.0_191\jre\lib\jsse.jar;D:\Program Files\Java\jdk1.8.0_191\jre\lib\management-agent.jar;D:\Program Files\Java\jdk1.8.0_191\jre\lib\plugin.jar;D:\Program Files\Java\jdk1.8.0_191\jre\lib\resources.jar;D:\Program Files\Java\jdk1.8.0_191\jre\lib\rt.jar;F:\AllOfMyStudy\pd\target\test-classes;F:\AllOfMyStudy\pd\target\classes;C:\Users\Administrator\.m2\repository\org\springframework\boot\spring-boot-starter-web\2.1.6.RELEASE\spring-boot-starter-web-2.1.6.RELEASE.jar;C:\Users\Administrator\.m2\repository\org\springframework\boot\spring-boot-starter\2.1.6.RELEASE\spring-boot-starter-2.1.6.RELEASE.jar;C:\Users\Administrator\.m2\repository\org\springframework\boot\spring-boot\2.1.6.RELEASE\spring-boot-2.1.6.RELEASE.jar;C:\User
Launcher Type: SUN_STANDARD

Environment Variables:
JAVA_HOME=D:\Program Files\Java\jdk1.8.0_191
PATH=D:\Python27\;D:\Python27\Scripts;E:\app\Administrator\product\11.2.0\dbhome_1\bin;C:\Windows\system32;C:\Windows;C:\Windows\System32\Wbem;C:\Windows\System32\WindowsPowerShell\v1.0\;C:\Windows\System32\OpenSSH\;D:\Program Files\Java\jdk1.8.0_191\bin;D:\SOFT\Git\cmd;D:\SOFT\mysql-5.7.24-winx64\bin;D:\SOFT\MAVEN\apache-maven-3.6.0\bin;D:\SOFT\gradle-3.5\bin;D:\Program Files\Java\jdk1.8.0_191\bin;D:\Program Files\erl9.0\bin;D:\Program Files\RabbitMQ Server\rabbitmq_server-3.6.12\sbin;D:\Program Files\010 Editor;C:\Program Files\TortoiseSVN\bin;D:\Program Files\nodejs\;C:\Users\Administrator\AppData\Local\Microsoft\WindowsApps;;D:\Idea\IntelliJ IDEA 2018.3.2\bin;;D:\SOFT\Fiddler;C:\Users\Administrator\AppData\Roaming\npm;D:\Program Files\JetBrains\PyCharm 2019.1.3\bin;
USERNAME=Administrator
OS=Windows_NT
PROCESSOR_IDENTIFIER=Intel64 Family 6 Model 60 Stepping 3, GenuineIntel



---------------  S Y S T E M  ---------------

OS: Windows 10.0 , 64 bit Build 17134 (10.0.17134.753)

CPU:total 4 (initial active 4) (4 cores per cpu, 1 threads per core) family 6 model 60 stepping 3, cmov, cx8, fxsr, mmx, sse, sse2, sse3, ssse3, sse4.1, sse4.2, popcnt, avx, avx2, aes, clmul, erms, lzcnt, tsc, tscinvbit, bmi1, bmi2

Memory: 4k page, physical 16699168k(5051200k free), swap 42913568k(4088k free)

vm_info: Java HotSpot(TM) 64-Bit Server VM (25.191-b12) for windows-amd64 JRE (1.8.0_191-b12), built on Oct  6 2018 09:29:03 by "java_re" with MS VC++ 10.0 (VS2010)

time: Fri Jul 05 09:53:08 2019
elapsed time: 0 seconds (0d 0h 0m 0s)

